2019-07-08 14:19:36.772  INFO 4632 --- [main] com.example.demo.DemoApplication         : Starting DemoApplication on DESKTOP-U66DTPG with PID 4632 (D:\demo\target\classes started by 97397 in D:\demo)
2019-07-08 14:19:36.774  INFO 4632 --- [main] com.example.demo.DemoApplication         : No active profile set, falling back to default profiles: default
2019-07-08 14:19:37.206  INFO 4632 --- [main] trationDelegate$BeanPostProcessorChecker : Bean 'org.springframework.ws.config.annotation.DelegatingWsConfiguration' of type [org.springframework.ws.config.annotation.DelegatingWsConfiguration$$EnhancerBySpringCGLIB$$cb80e80c] is not eligible for getting processed by all BeanPostProcessors (for example: not eligible for auto-proxying)
2019-07-08 14:19:37.224  INFO 4632 --- [main] .w.s.a.s.AnnotationActionEndpointMapping : Supporting [WS-Addressing August 2004, WS-Addressing 1.0]
2019-07-08 14:19:37.343  INFO 4632 --- [main] o.s.b.w.embedded.tomcat.TomcatWebServer  : Tomcat initialized with port(s): 8080 (http)
2019-07-08 14:19:37.356  INFO 4632 --- [main] o.apache.catalina.core.StandardService   : Starting service [Tomcat]
2019-07-08 14:19:37.357  INFO 4632 --- [main] org.apache.catalina.core.StandardEngine  : Starting Servlet engine: [Apache Tomcat/9.0.21]
2019-07-08 14:19:37.413  INFO 4632 --- [main] o.a.c.c.C.[Tomcat].[localhost].[/]       : Initializing Spring embedded WebApplicationContext
2019-07-08 14:19:37.413  INFO 4632 --- [main] o.s.web.context.ContextLoader            : Root WebApplicationContext: initialization completed in 618 ms
2019-07-08 14:19:37.458  INFO 4632 --- [main] com.example.demo.LogConfig               : ~~~~~~~~~~~~
2019-07-08 14:19:37.535  INFO 4632 --- [main] o.s.s.concurrent.ThreadPoolTaskExecutor  : Initializing ExecutorService 'applicationTaskExecutor'
2019-07-08 14:19:37.579  WARN 4632 --- [main] ion$DefaultTemplateResolverConfiguration : Cannot find template location: classpath:/templates/ (please add some templates or check your Thymeleaf configuration)
2019-07-08 14:19:37.658  INFO 4632 --- [main] o.s.b.w.embedded.tomcat.TomcatWebServer  : Tomcat started on port(s): 8080 (http) with context path ''
2019-07-08 14:19:37.660  INFO 4632 --- [main] com.example.demo.DemoApplication         : Started DemoApplication in 1.081 seconds (JVM running for 1.489)
2019-07-08 14:19:54.674  INFO 16676 --- [main] com.example.demo.DemoApplication         : Starting DemoApplication on DESKTOP-U66DTPG with PID 16676 (D:\demo\target\classes started by 97397 in D:\demo)
2019-07-08 14:19:54.676  INFO 16676 --- [main] com.example.demo.DemoApplication         : No active profile set, falling back to default profiles: default
2019-07-08 14:19:55.081  INFO 16676 --- [main] trationDelegate$BeanPostProcessorChecker : Bean 'org.springframework.ws.config.annotation.DelegatingWsConfiguration' of type [org.springframework.ws.config.annotation.DelegatingWsConfiguration$$EnhancerBySpringCGLIB$$a53812e3] is not eligible for getting processed by all BeanPostProcessors (for example: not eligible for auto-proxying)
2019-07-08 14:19:55.102  INFO 16676 --- [main] .w.s.a.s.AnnotationActionEndpointMapping : Supporting [WS-Addressing August 2004, WS-Addressing 1.0]
2019-07-08 14:19:55.229  INFO 16676 --- [main] o.s.b.w.embedded.tomcat.TomcatWebServer  : Tomcat initialized with port(s): 8080 (http)
2019-07-08 14:19:55.245  INFO 16676 --- [main] o.apache.catalina.core.StandardService   : Starting service [Tomcat]
2019-07-08 14:19:55.245  INFO 16676 --- [main] org.apache.catalina.core.StandardEngine  : Starting Servlet engine: [Apache Tomcat/9.0.21]
2019-07-08 14:19:55.298  INFO 16676 --- [main] o.a.c.c.C.[Tomcat].[localhost].[/]       : Initializing Spring embedded WebApplicationContext
2019-07-08 14:19:55.298  INFO 16676 --- [main] o.s.web.context.ContextLoader            : Root WebApplicationContext: initialization completed in 602 ms
2019-07-08 14:19:55.347  INFO 16676 --- [main] com.example.demo.LogConfig               : ~~~~~~~~~~~~
2019-07-08 14:19:55.424  INFO 16676 --- [main] o.s.s.concurrent.ThreadPoolTaskExecutor  : Initializing ExecutorService 'applicationTaskExecutor'
2019-07-08 14:19:55.469  WARN 16676 --- [main] ion$DefaultTemplateResolverConfiguration : Cannot find template location: classpath:/templates/ (please add some templates or check your Thymeleaf configuration)
2019-07-08 14:19:55.548  INFO 16676 --- [main] o.s.b.w.embedded.tomcat.TomcatWebServer  : Tomcat started on port(s): 8080 (http) with context path ''
2019-07-08 14:19:55.550  INFO 16676 --- [main] com.example.demo.DemoApplication         : Started DemoApplication in 1.057 seconds (JVM running for 1.466)
